0 info it worked if it ends with ok
1 verbose cli [ '/usr/local/bin/node', '/usr/local/bin/npm', 'run', 'gulp', 'w' ]
2 info using npm@3.8.0
3 info using node@v5.6.0
4 verbose run-script [ 'pregulp', 'gulp', 'postgulp' ]
5 info lifecycle site-apeperia@1.0.0~pregulp: site-apeperia@1.0.0
6 silly lifecycle site-apeperia@1.0.0~pregulp: no script for pregulp, continuing
7 info lifecycle site-apeperia@1.0.0~gulp: site-apeperia@1.0.0
8 verbose lifecycle site-apeperia@1.0.0~gulp: unsafe-perm in lifecycle true
9 verbose lifecycle site-apeperia@1.0.0~gulp: PATH: /usr/local/lib/node_modules/npm/bin/node-gyp-bin:/Volumes/MAC/Thiago Capelo/Alura/Front-end/19 - Sass/site-apeperia/node_modules/.bin:/usr/local/bin:/usr/local/bin:/usr/bin:/bin:/usr/sbin:/sbin
10 verbose lifecycle site-apeperia@1.0.0~gulp: CWD: /Volumes/MAC/Thiago Capelo/Alura/Front-end/19 - Sass/site-apeperia
11 silly lifecycle site-apeperia@1.0.0~gulp: Args: [ '-c', 'gulp "w"' ]
12 silly lifecycle site-apeperia@1.0.0~gulp: Returned: code: 1  signal: null
13 info lifecycle site-apeperia@1.0.0~gulp: Failed to exec gulp script
14 verbose stack Error: site-apeperia@1.0.0 gulp: `gulp "w"`
14 verbose stack Exit status 1
14 verbose stack     at EventEmitter.<anonymous> (/usr/local/lib/node_modules/npm/lib/utils/lifecycle.js:239:16)
14 verbose stack     at emitTwo (events.js:100:13)
14 verbose stack     at EventEmitter.emit (events.js:185:7)
14 verbose stack     at ChildProcess.<anonymous> (/usr/local/lib/node_modules/npm/lib/utils/spawn.js:24:14)
14 verbose stack     at emitTwo (events.js:100:13)
14 verbose stack     at ChildProcess.emit (events.js:185:7)
14 verbose stack     at maybeClose (internal/child_process.js:827:16)
14 verbose stack     at Process.ChildProcess._handle.onexit (internal/child_process.js:211:5)
15 verbose pkgid site-apeperia@1.0.0
16 verbose cwd /Volumes/MAC/Thiago Capelo/Alura/Front-end/19 - Sass/site-apeperia
17 error Darwin 14.5.0
18 error argv "/usr/local/bin/node" "/usr/local/bin/npm" "run" "gulp" "w"
19 error node v5.6.0
20 error npm  v3.8.0
21 error code ELIFECYCLE
22 error site-apeperia@1.0.0 gulp: `gulp "w"`
22 error Exit status 1
23 error Failed at the site-apeperia@1.0.0 gulp script 'gulp "w"'.
23 error Make sure you have the latest version of node.js and npm installed.
23 error If you do, this is most likely a problem with the site-apeperia package,
23 error not with npm itself.
23 error Tell the author that this fails on your system:
23 error     gulp "w"
23 error You can get information on how to open an issue for this project with:
23 error     npm bugs site-apeperia
23 error Or if that isn't available, you can get their info via:
23 error     npm owner ls site-apeperia
23 error There is likely additional logging output above.
24 verbose exit [ 1, true ]
